<?xml version="1.0" encoding="UTF-8"?>
<!-- Generated by org.testng.reporters.JUnitXMLReporter -->
<testsuite hostname="BLR1-LHP-N03121" name="Default test" tests="3" failures="0" timestamp="23 Jun 2020 06:41:34 GMT" time="21.97" errors="0">
  <testcase name="test1" time="12.527" classname="utils.ExcelDataProvider"/>
  <testcase name="test1" time="3.009" classname="utils.ExcelDataProvider"/>
  <testcase name="test1" time="2.973" classname="utils.ExcelDataProvider"/>
</testsuite> <!-- Default test -->
